<?xml version="1.0" encoding="UTF-8"?>
<coverage generated="1548001547609" clover="3.2.0">
  <project timestamp="1548001547609" name="All files">
    <metrics statements="59" coveredstatements="38" conditionals="26" coveredconditionals="16" methods="16" coveredmethods="11" elements="101" coveredelements="65" complexity="0" loc="59" ncloc="59" packages="3" files="4" classes="4">
      <package name="App">
        <metrics statements="23" coveredstatements="3" conditionals="8" coveredconditionals="0" methods="5" coveredmethods="0"/>
        <file name="App.js" path="/Users/joaocarias/Documents/WebProjects/exercise/ff-order-price/App/App.js">
          <metrics statements="23" coveredstatements="3" conditionals="8" coveredconditionals="0" methods="5" coveredmethods="0"/>
          <line num="1" count="1" type="stmt"/>
          <line num="2" count="1" type="stmt"/>
          <line num="5" count="0" type="stmt"/>
          <line num="7" count="0" type="stmt"/>
          <line num="9" count="0" type="stmt"/>
          <line num="11" count="0" type="cond" truecount="0" falsecount="2"/>
          <line num="12" count="0" type="stmt"/>
          <line num="13" count="0" type="stmt"/>
          <line num="14" count="0" type="cond" truecount="0" falsecount="2"/>
          <line num="15" count="0" type="stmt"/>
          <line num="23" count="0" type="stmt"/>
          <line num="27" count="0" type="stmt"/>
          <line num="28" count="0" type="stmt"/>
          <line num="29" count="0" type="stmt"/>
          <line num="30" count="0" type="stmt"/>
          <line num="33" count="0" type="stmt"/>
          <line num="37" count="0" type="stmt"/>
          <line num="38" count="0" type="cond" truecount="0" falsecount="2"/>
          <line num="39" count="0" type="cond" truecount="0" falsecount="2"/>
          <line num="40" count="0" type="stmt"/>
          <line num="42" count="0" type="stmt"/>
          <line num="49" count="0" type="stmt"/>
          <line num="53" count="1" type="stmt"/>
        </file>
      </package>
      <package name="App.orders">
        <metrics statements="27" coveredstatements="26" conditionals="14" coveredconditionals="12" methods="7" coveredmethods="7"/>
        <file name="Order.js" path="/Users/joaocarias/Documents/WebProjects/exercise/ff-order-price/App/orders/Order.js">
          <metrics statements="18" coveredstatements="17" conditionals="10" coveredconditionals="8" methods="5" coveredmethods="5"/>
          <line num="1" count="1" type="stmt"/>
          <line num="5" count="7" type="stmt"/>
          <line num="6" count="7" type="cond" truecount="2" falsecount="0"/>
          <line num="7" count="7" type="stmt"/>
          <line num="8" count="7" type="stmt"/>
          <line num="12" count="6" type="cond" truecount="2" falsecount="0"/>
          <line num="13" count="5" type="stmt"/>
          <line num="14" count="5" type="stmt"/>
          <line num="15" count="8" type="cond" truecount="2" falsecount="0"/>
          <line num="16" count="7" type="stmt"/>
          <line num="18" count="1" type="stmt"/>
          <line num="22" count="4" type="stmt"/>
          <line num="24" count="1" type="stmt"/>
          <line num="29" count="4" type="cond" truecount="2" falsecount="2"/>
          <line num="30" count="0" type="stmt"/>
          <line num="31" count="4" type="stmt"/>
          <line num="35" count="6" type="stmt"/>
          <line num="39" count="1" type="stmt"/>
        </file>
        <file name="OrderItem.js" path="/Users/joaocarias/Documents/WebProjects/exercise/ff-order-price/App/orders/OrderItem.js">
          <metrics statements="9" coveredstatements="9" conditionals="4" coveredconditionals="4" methods="2" coveredmethods="2"/>
          <line num="3" count="21" type="stmt"/>
          <line num="4" count="21" type="cond" truecount="2" falsecount="0"/>
          <line num="5" count="3" type="stmt"/>
          <line num="7" count="18" type="stmt"/>
          <line num="8" count="18" type="cond" truecount="2" falsecount="0"/>
          <line num="9" count="2" type="stmt"/>
          <line num="13" count="16" type="stmt"/>
          <line num="17" count="15" type="stmt"/>
          <line num="21" count="3" type="stmt"/>
        </file>
      </package>
      <package name="App.store">
        <metrics statements="9" coveredstatements="9" conditionals="4" coveredconditionals="4" methods="4" coveredmethods="4"/>
        <file name="Catalog.js" path="/Users/joaocarias/Documents/WebProjects/exercise/ff-order-price/App/store/Catalog.js">
          <metrics statements="9" coveredstatements="9" conditionals="4" coveredconditionals="4" methods="4" coveredmethods="4"/>
          <line num="3" count="5" type="stmt"/>
          <line num="7" count="7" type="cond" truecount="2" falsecount="0"/>
          <line num="8" count="6" type="stmt"/>
          <line num="10" count="1" type="stmt"/>
          <line num="15" count="6" type="stmt"/>
          <line num="16" count="2" type="cond" truecount="2" falsecount="0"/>
          <line num="17" count="1" type="stmt"/>
          <line num="20" count="1" type="stmt"/>
          <line num="24" count="1" type="stmt"/>
        </file>
      </package>
    </metrics>
  </project>
</coverage>
