{"/Users/joaocarias/Documents/WebProjects/exercise/ff-order-price/Order.js": {"path":"/Users/joaocarias/Documents/WebProjects/exercise/ff-order-price/Order.js","statementMap":{"0":{"start":{"line":1,"column":18},"end":{"line":1,"column":40}},"1":{"start":{"line":5,"column":2},"end":{"line":5,"column":23}},"2":{"start":{"line":6,"column":2},"end":{"line":6,"column":27}},"3":{"start":{"line":10,"column":2},"end":{"line":23,"column":3}},"4":{"start":{"line":11,"column":15},"end":{"line":11,"column":16}},"5":{"start":{"line":12,"column":3},"end":{"line":18,"column":6}},"6":{"start":{"line":13,"column":4},"end":{"line":17,"column":5}},"7":{"start":{"line":14,"column":5},"end":{"line":14,"column":39}},"8":{"start":{"line":16,"column":5},"end":{"line":16,"column":57}},"9":{"start":{"line":20,"column":3},"end":{"line":20,"column":16}},"10":{"start":{"line":22,"column":3},"end":{"line":22,"column":56}},"11":{"start":{"line":27,"column":0},"end":{"line":27,"column":23}}},"fnMap":{"0":{"name":"(anonymous_0)","decl":{"start":{"line":4,"column":1},"end":{"line":4,"column":2}},"loc":{"start":{"line":4,"column":36},"end":{"line":7,"column":2}},"line":4},"1":{"name":"(anonymous_1)","decl":{"start":{"line":9,"column":1},"end":{"line":9,"column":2}},"loc":{"start":{"line":9,"column":21},"end":{"line":24,"column":2}},"line":9},"2":{"name":"(anonymous_2)","decl":{"start":{"line":12,"column":23},"end":{"line":12,"column":24}},"loc":{"start":{"line":12,"column":32},"end":{"line":18,"column":4}},"line":12}},"branchMap":{"0":{"loc":{"start":{"line":10,"column":2},"end":{"line":23,"column":3}},"type":"if","locations":[{"start":{"line":10,"column":2},"end":{"line":23,"column":3}},{"start":{"line":10,"column":2},"end":{"line":23,"column":3}}],"line":10},"1":{"loc":{"start":{"line":13,"column":4},"end":{"line":17,"column":5}},"type":"if","locations":[{"start":{"line":13,"column":4},"end":{"line":17,"column":5}},{"start":{"line":13,"column":4},"end":{"line":17,"column":5}}],"line":13}},"s":{"0":1,"1":7,"2":7,"3":6,"4":5,"5":5,"6":8,"7":7,"8":1,"9":4,"10":1,"11":1},"f":{"0":7,"1":6,"2":8},"b":{"0":[5,1],"1":[7,1]},"_coverageSchema":"332fd63041d2c1bcb487cc26dd0d5f7d97098a6c","hash":"b20d8762ff395d5c4269e8e88c7539749ae27ad7"}
,"/Users/joaocarias/Documents/WebProjects/exercise/ff-order-price/OrderItem.js": {"path":"/Users/joaocarias/Documents/WebProjects/exercise/ff-order-price/OrderItem.js","statementMap":{"0":{"start":{"line":3,"column":2},"end":{"line":3,"column":15}},"1":{"start":{"line":4,"column":2},"end":{"line":6,"column":3}},"2":{"start":{"line":5,"column":3},"end":{"line":5,"column":71}},"3":{"start":{"line":7,"column":2},"end":{"line":7,"column":21}},"4":{"start":{"line":8,"column":2},"end":{"line":12,"column":3}},"5":{"start":{"line":9,"column":3},"end":{"line":11,"column":5}},"6":{"start":{"line":13,"column":2},"end":{"line":13,"column":27}},"7":{"start":{"line":17,"column":2},"end":{"line":17,"column":36}},"8":{"start":{"line":21,"column":0},"end":{"line":21,"column":27}}},"fnMap":{"0":{"name":"(anonymous_0)","decl":{"start":{"line":2,"column":1},"end":{"line":2,"column":2}},"loc":{"start":{"line":2,"column":34},"end":{"line":14,"column":2}},"line":2},"1":{"name":"(anonymous_1)","decl":{"start":{"line":16,"column":1},"end":{"line":16,"column":2}},"loc":{"start":{"line":16,"column":20},"end":{"line":18,"column":2}},"line":16}},"branchMap":{"0":{"loc":{"start":{"line":4,"column":2},"end":{"line":6,"column":3}},"type":"if","locations":[{"start":{"line":4,"column":2},"end":{"line":6,"column":3}},{"start":{"line":4,"column":2},"end":{"line":6,"column":3}}],"line":4},"1":{"loc":{"start":{"line":8,"column":2},"end":{"line":12,"column":3}},"type":"if","locations":[{"start":{"line":8,"column":2},"end":{"line":12,"column":3}},{"start":{"line":8,"column":2},"end":{"line":12,"column":3}}],"line":8}},"s":{"0":21,"1":21,"2":3,"3":18,"4":18,"5":2,"6":16,"7":15,"8":2},"f":{"0":21,"1":15},"b":{"0":[3,18],"1":[2,16]},"_coverageSchema":"332fd63041d2c1bcb487cc26dd0d5f7d97098a6c","hash":"f5b26a4871f460cfb758f9b9d6fdd2d56ed9cfe6"}
,"/Users/joaocarias/Documents/WebProjects/exercise/ff-order-price/store/Catalog.js": {"path":"/Users/joaocarias/Documents/WebProjects/exercise/ff-order-price/store/Catalog.js","statementMap":{"0":{"start":{"line":3,"column":4},"end":{"line":3,"column":26}},"1":{"start":{"line":7,"column":4},"end":{"line":11,"column":5}},"2":{"start":{"line":8,"column":6},"end":{"line":8,"column":34}},"3":{"start":{"line":10,"column":6},"end":{"line":10,"column":68}},"4":{"start":{"line":15,"column":20},"end":{"line":15,"column":65}},"5":{"start":{"line":15,"column":50},"end":{"line":15,"column":64}},"6":{"start":{"line":16,"column":4},"end":{"line":18,"column":5}},"7":{"start":{"line":17,"column":6},"end":{"line":17,"column":23}},"8":{"start":{"line":20,"column":4},"end":{"line":20,"column":69}},"9":{"start":{"line":24,"column":0},"end":{"line":24,"column":25}}},"fnMap":{"0":{"name":"(anonymous_0)","decl":{"start":{"line":2,"column":2},"end":{"line":2,"column":3}},"loc":{"start":{"line":2,"column":16},"end":{"line":4,"column":3}},"line":2},"1":{"name":"(anonymous_1)","decl":{"start":{"line":6,"column":2},"end":{"line":6,"column":3}},"loc":{"start":{"line":6,"column":16},"end":{"line":12,"column":3}},"line":6},"2":{"name":"(anonymous_2)","decl":{"start":{"line":14,"column":2},"end":{"line":14,"column":3}},"loc":{"start":{"line":14,"column":15},"end":{"line":21,"column":3}},"line":14},"3":{"name":"(anonymous_3)","decl":{"start":{"line":15,"column":42},"end":{"line":15,"column":43}},"loc":{"start":{"line":15,"column":50},"end":{"line":15,"column":64}},"line":15}},"branchMap":{"0":{"loc":{"start":{"line":7,"column":4},"end":{"line":11,"column":5}},"type":"if","locations":[{"start":{"line":7,"column":4},"end":{"line":11,"column":5}},{"start":{"line":7,"column":4},"end":{"line":11,"column":5}}],"line":7},"1":{"loc":{"start":{"line":16,"column":4},"end":{"line":18,"column":5}},"type":"if","locations":[{"start":{"line":16,"column":4},"end":{"line":18,"column":5}},{"start":{"line":16,"column":4},"end":{"line":18,"column":5}}],"line":16}},"s":{"0":5,"1":7,"2":6,"3":1,"4":2,"5":6,"6":2,"7":1,"8":1,"9":1},"f":{"0":5,"1":7,"2":2,"3":6},"b":{"0":[6,1],"1":[1,1]},"_coverageSchema":"332fd63041d2c1bcb487cc26dd0d5f7d97098a6c","hash":"a6f10411800bc4229586efa39a5bfb70e7e9aba4"}
}
