{"/Users/joaocarias/Documents/WebProjects/exercise/ff-order-price/App/App.js": {"path":"/Users/joaocarias/Documents/WebProjects/exercise/ff-order-price/App/App.js","statementMap":{"0":{"start":{"line":1,"column":11},"end":{"line":1,"column":24}},"1":{"start":{"line":2,"column":18},"end":{"line":2,"column":47}},"2":{"start":{"line":5,"column":2},"end":{"line":7,"column":3}},"3":{"start":{"line":6,"column":4},"end":{"line":6,"column":40}},"4":{"start":{"line":9,"column":2},"end":{"line":11,"column":3}},"5":{"start":{"line":10,"column":4},"end":{"line":10,"column":57}},"6":{"start":{"line":13,"column":13},"end":{"line":13,"column":43}},"7":{"start":{"line":15,"column":14},"end":{"line":15,"column":33}},"8":{"start":{"line":17,"column":16},"end":{"line":17,"column":18}},"9":{"start":{"line":19,"column":2},"end":{"line":30,"column":3}},"10":{"start":{"line":20,"column":4},"end":{"line":29,"column":7}},"11":{"start":{"line":21,"column":22},"end":{"line":21,"column":37}},"12":{"start":{"line":22,"column":6},"end":{"line":28,"column":7}},"13":{"start":{"line":23,"column":8},"end":{"line":27,"column":11}},"14":{"start":{"line":31,"column":2},"end":{"line":31,"column":17}},"15":{"start":{"line":35,"column":19},"end":{"line":35,"column":21}},"16":{"start":{"line":36,"column":2},"end":{"line":39,"column":5}},"17":{"start":{"line":37,"column":20},"end":{"line":37,"column":52}},"18":{"start":{"line":38,"column":4},"end":{"line":38,"column":31}},"19":{"start":{"line":41,"column":2},"end":{"line":41,"column":20}},"20":{"start":{"line":45,"column":20},"end":{"line":45,"column":45}},"21":{"start":{"line":46,"column":2},"end":{"line":58,"column":3}},"22":{"start":{"line":47,"column":4},"end":{"line":55,"column":5}},"23":{"start":{"line":48,"column":6},"end":{"line":48,"column":75}},"24":{"start":{"line":50,"column":6},"end":{"line":54,"column":8}},"25":{"start":{"line":57,"column":4},"end":{"line":57,"column":63}},"26":{"start":{"line":61,"column":0},"end":{"line":65,"column":2}}},"fnMap":{"0":{"name":"loadCatalogFromFile","decl":{"start":{"line":4,"column":9},"end":{"line":4,"column":28}},"loc":{"start":{"line":4,"column":35},"end":{"line":32,"column":1}},"line":4},"1":{"name":"(anonymous_1)","decl":{"start":{"line":20,"column":14},"end":{"line":20,"column":15}},"loc":{"start":{"line":20,"column":22},"end":{"line":29,"column":5}},"line":20},"2":{"name":"buildOrderItems","decl":{"start":{"line":34,"column":9},"end":{"line":34,"column":24}},"loc":{"start":{"line":34,"column":45},"end":{"line":42,"column":1}},"line":34},"3":{"name":"(anonymous_3)","decl":{"start":{"line":36,"column":20},"end":{"line":36,"column":21}},"loc":{"start":{"line":36,"column":28},"end":{"line":39,"column":3}},"line":36},"4":{"name":"catalogItemLookup","decl":{"start":{"line":44,"column":9},"end":{"line":44,"column":26}},"loc":{"start":{"line":44,"column":42},"end":{"line":59,"column":1}},"line":44}},"branchMap":{"0":{"loc":{"start":{"line":5,"column":2},"end":{"line":7,"column":3}},"type":"if","locations":[{"start":{"line":5,"column":2},"end":{"line":7,"column":3}},{"start":{"line":5,"column":2},"end":{"line":7,"column":3}}],"line":5},"1":{"loc":{"start":{"line":9,"column":2},"end":{"line":11,"column":3}},"type":"if","locations":[{"start":{"line":9,"column":2},"end":{"line":11,"column":3}},{"start":{"line":9,"column":2},"end":{"line":11,"column":3}}],"line":9},"2":{"loc":{"start":{"line":19,"column":2},"end":{"line":30,"column":3}},"type":"if","locations":[{"start":{"line":19,"column":2},"end":{"line":30,"column":3}},{"start":{"line":19,"column":2},"end":{"line":30,"column":3}}],"line":19},"3":{"loc":{"start":{"line":22,"column":6},"end":{"line":28,"column":7}},"type":"if","locations":[{"start":{"line":22,"column":6},"end":{"line":28,"column":7}},{"start":{"line":22,"column":6},"end":{"line":28,"column":7}}],"line":22},"4":{"loc":{"start":{"line":46,"column":2},"end":{"line":58,"column":3}},"type":"if","locations":[{"start":{"line":46,"column":2},"end":{"line":58,"column":3}},{"start":{"line":46,"column":2},"end":{"line":58,"column":3}}],"line":46},"5":{"loc":{"start":{"line":47,"column":4},"end":{"line":55,"column":5}},"type":"if","locations":[{"start":{"line":47,"column":4},"end":{"line":55,"column":5}},{"start":{"line":47,"column":4},"end":{"line":55,"column":5}}],"line":47}},"s":{"0":1,"1":1,"2":1,"3":0,"4":1,"5":1,"6":0,"7":0,"8":0,"9":0,"10":0,"11":0,"12":0,"13":0,"14":0,"15":4,"16":4,"17":4,"18":2,"19":2,"20":8,"21":6,"22":6,"23":4,"24":2,"25":0,"26":1},"f":{"0":1,"1":0,"2":4,"3":4,"4":8},"b":{"0":[0,1],"1":[1,0],"2":[0,0],"3":[0,0],"4":[6,0],"5":[4,2]},"_coverageSchema":"332fd63041d2c1bcb487cc26dd0d5f7d97098a6c","hash":"2dc8927977c4e5ec6c093d67d4165ba5e2f0f0a4"}
,"/Users/joaocarias/Documents/WebProjects/exercise/ff-order-price/App/orders/Order.js": {"path":"/Users/joaocarias/Documents/WebProjects/exercise/ff-order-price/App/orders/Order.js","statementMap":{"0":{"start":{"line":1,"column":18},"end":{"line":1,"column":40}},"1":{"start":{"line":5,"column":4},"end":{"line":5,"column":33}},"2":{"start":{"line":6,"column":4},"end":{"line":6,"column":36}},"3":{"start":{"line":7,"column":4},"end":{"line":7,"column":57}},"4":{"start":{"line":8,"column":4},"end":{"line":8,"column":53}},"5":{"start":{"line":12,"column":4},"end":{"line":25,"column":5}},"6":{"start":{"line":13,"column":18},"end":{"line":13,"column":19}},"7":{"start":{"line":14,"column":6},"end":{"line":20,"column":9}},"8":{"start":{"line":15,"column":8},"end":{"line":19,"column":9}},"9":{"start":{"line":16,"column":10},"end":{"line":16,"column":48}},"10":{"start":{"line":18,"column":10},"end":{"line":18,"column":62}},"11":{"start":{"line":22,"column":6},"end":{"line":22,"column":19}},"12":{"start":{"line":24,"column":6},"end":{"line":24,"column":59}},"13":{"start":{"line":29,"column":4},"end":{"line":31,"column":20}},"14":{"start":{"line":30,"column":6},"end":{"line":30,"column":54}},"15":{"start":{"line":31,"column":11},"end":{"line":31,"column":20}},"16":{"start":{"line":35,"column":4},"end":{"line":35,"column":55}},"17":{"start":{"line":39,"column":0},"end":{"line":39,"column":23}}},"fnMap":{"0":{"name":"(anonymous_0)","decl":{"start":{"line":4,"column":2},"end":{"line":4,"column":3}},"loc":{"start":{"line":4,"column":41},"end":{"line":9,"column":3}},"line":4},"1":{"name":"(anonymous_1)","decl":{"start":{"line":11,"column":2},"end":{"line":11,"column":3}},"loc":{"start":{"line":11,"column":19},"end":{"line":26,"column":3}},"line":11},"2":{"name":"(anonymous_2)","decl":{"start":{"line":14,"column":30},"end":{"line":14,"column":31}},"loc":{"start":{"line":14,"column":43},"end":{"line":20,"column":7}},"line":14},"3":{"name":"(anonymous_3)","decl":{"start":{"line":28,"column":2},"end":{"line":28,"column":3}},"loc":{"start":{"line":28,"column":17},"end":{"line":32,"column":3}},"line":28},"4":{"name":"(anonymous_4)","decl":{"start":{"line":34,"column":2},"end":{"line":34,"column":3}},"loc":{"start":{"line":34,"column":18},"end":{"line":36,"column":3}},"line":34}},"branchMap":{"0":{"loc":{"start":{"line":6,"column":15},"end":{"line":6,"column":35}},"type":"binary-expr","locations":[{"start":{"line":6,"column":15},"end":{"line":6,"column":28}},{"start":{"line":6,"column":32},"end":{"line":6,"column":35}}],"line":6},"1":{"loc":{"start":{"line":12,"column":4},"end":{"line":25,"column":5}},"type":"if","locations":[{"start":{"line":12,"column":4},"end":{"line":25,"column":5}},{"start":{"line":12,"column":4},"end":{"line":25,"column":5}}],"line":12},"2":{"loc":{"start":{"line":15,"column":8},"end":{"line":19,"column":9}},"type":"if","locations":[{"start":{"line":15,"column":8},"end":{"line":19,"column":9}},{"start":{"line":15,"column":8},"end":{"line":19,"column":9}}],"line":15},"3":{"loc":{"start":{"line":29,"column":4},"end":{"line":31,"column":20}},"type":"if","locations":[{"start":{"line":29,"column":4},"end":{"line":31,"column":20}},{"start":{"line":29,"column":4},"end":{"line":31,"column":20}}],"line":29},"4":{"loc":{"start":{"line":29,"column":8},"end":{"line":29,"column":36}},"type":"binary-expr","locations":[{"start":{"line":29,"column":8},"end":{"line":29,"column":16}},{"start":{"line":29,"column":20},"end":{"line":29,"column":36}}],"line":29}},"s":{"0":1,"1":7,"2":7,"3":7,"4":7,"5":6,"6":5,"7":5,"8":8,"9":7,"10":1,"11":4,"12":1,"13":4,"14":0,"15":4,"16":6,"17":1},"f":{"0":7,"1":6,"2":8,"3":4,"4":6},"b":{"0":[7,7],"1":[5,1],"2":[7,1],"3":[0,4],"4":[4,0]},"_coverageSchema":"332fd63041d2c1bcb487cc26dd0d5f7d97098a6c","hash":"7ccfd69738b38113f60c7e2ea01bc46212708fca"}
,"/Users/joaocarias/Documents/WebProjects/exercise/ff-order-price/App/orders/OrderItem.js": {"path":"/Users/joaocarias/Documents/WebProjects/exercise/ff-order-price/App/orders/OrderItem.js","statementMap":{"0":{"start":{"line":3,"column":2},"end":{"line":3,"column":15}},"1":{"start":{"line":4,"column":2},"end":{"line":6,"column":3}},"2":{"start":{"line":5,"column":3},"end":{"line":5,"column":71}},"3":{"start":{"line":7,"column":2},"end":{"line":7,"column":21}},"4":{"start":{"line":8,"column":2},"end":{"line":12,"column":3}},"5":{"start":{"line":9,"column":3},"end":{"line":11,"column":5}},"6":{"start":{"line":13,"column":2},"end":{"line":13,"column":27}},"7":{"start":{"line":17,"column":2},"end":{"line":17,"column":36}},"8":{"start":{"line":21,"column":0},"end":{"line":21,"column":27}}},"fnMap":{"0":{"name":"(anonymous_0)","decl":{"start":{"line":2,"column":1},"end":{"line":2,"column":2}},"loc":{"start":{"line":2,"column":34},"end":{"line":14,"column":2}},"line":2},"1":{"name":"(anonymous_1)","decl":{"start":{"line":16,"column":1},"end":{"line":16,"column":2}},"loc":{"start":{"line":16,"column":20},"end":{"line":18,"column":2}},"line":16}},"branchMap":{"0":{"loc":{"start":{"line":4,"column":2},"end":{"line":6,"column":3}},"type":"if","locations":[{"start":{"line":4,"column":2},"end":{"line":6,"column":3}},{"start":{"line":4,"column":2},"end":{"line":6,"column":3}}],"line":4},"1":{"loc":{"start":{"line":8,"column":2},"end":{"line":12,"column":3}},"type":"if","locations":[{"start":{"line":8,"column":2},"end":{"line":12,"column":3}},{"start":{"line":8,"column":2},"end":{"line":12,"column":3}}],"line":8}},"s":{"0":26,"1":26,"2":3,"3":23,"4":23,"5":2,"6":21,"7":15,"8":3},"f":{"0":26,"1":15},"b":{"0":[3,23],"1":[2,21]},"_coverageSchema":"332fd63041d2c1bcb487cc26dd0d5f7d97098a6c","hash":"ab7b48eb58c3ae7ebae124d0f8bf48d3b25dfda5"}
,"/Users/joaocarias/Documents/WebProjects/exercise/ff-order-price/App/store/Catalog.js": {"path":"/Users/joaocarias/Documents/WebProjects/exercise/ff-order-price/App/store/Catalog.js","statementMap":{"0":{"start":{"line":3,"column":4},"end":{"line":3,"column":26}},"1":{"start":{"line":7,"column":4},"end":{"line":11,"column":5}},"2":{"start":{"line":8,"column":6},"end":{"line":8,"column":34}},"3":{"start":{"line":10,"column":6},"end":{"line":10,"column":68}},"4":{"start":{"line":15,"column":20},"end":{"line":15,"column":65}},"5":{"start":{"line":15,"column":50},"end":{"line":15,"column":64}},"6":{"start":{"line":16,"column":4},"end":{"line":18,"column":5}},"7":{"start":{"line":17,"column":6},"end":{"line":17,"column":23}},"8":{"start":{"line":20,"column":4},"end":{"line":20,"column":69}},"9":{"start":{"line":24,"column":0},"end":{"line":24,"column":25}}},"fnMap":{"0":{"name":"(anonymous_0)","decl":{"start":{"line":2,"column":2},"end":{"line":2,"column":3}},"loc":{"start":{"line":2,"column":16},"end":{"line":4,"column":3}},"line":2},"1":{"name":"(anonymous_1)","decl":{"start":{"line":6,"column":2},"end":{"line":6,"column":3}},"loc":{"start":{"line":6,"column":16},"end":{"line":12,"column":3}},"line":6},"2":{"name":"(anonymous_2)","decl":{"start":{"line":14,"column":2},"end":{"line":14,"column":3}},"loc":{"start":{"line":14,"column":15},"end":{"line":21,"column":3}},"line":14},"3":{"name":"(anonymous_3)","decl":{"start":{"line":15,"column":42},"end":{"line":15,"column":43}},"loc":{"start":{"line":15,"column":50},"end":{"line":15,"column":64}},"line":15}},"branchMap":{"0":{"loc":{"start":{"line":7,"column":4},"end":{"line":11,"column":5}},"type":"if","locations":[{"start":{"line":7,"column":4},"end":{"line":11,"column":5}},{"start":{"line":7,"column":4},"end":{"line":11,"column":5}}],"line":7},"1":{"loc":{"start":{"line":16,"column":4},"end":{"line":18,"column":5}},"type":"if","locations":[{"start":{"line":16,"column":4},"end":{"line":18,"column":5}},{"start":{"line":16,"column":4},"end":{"line":18,"column":5}}],"line":16}},"s":{"0":6,"1":12,"2":11,"3":1,"4":10,"5":33,"6":10,"7":7,"8":3,"9":2},"f":{"0":6,"1":12,"2":10,"3":33},"b":{"0":[11,1],"1":[7,3]},"_coverageSchema":"332fd63041d2c1bcb487cc26dd0d5f7d97098a6c","hash":"cb05c039aa1b1d857796796ceba6928cde947ecb"}
}
