TN:
SF:/Users/joaocarias/Documents/WebProjects/exercise/ff-order-price/App/App.js
FN:4,loadCatalogFromFile
FN:20,(anonymous_1)
FN:34,buildOrderItems
FN:36,(anonymous_3)
FN:44,catalogItemLookup
FNF:5
FNH:4
FNDA:1,loadCatalogFromFile
FNDA:0,(anonymous_1)
FNDA:4,buildOrderItems
FNDA:4,(anonymous_3)
FNDA:8,catalogItemLookup
DA:1,1
DA:2,1
DA:5,1
DA:6,0
DA:9,1
DA:10,1
DA:13,0
DA:15,0
DA:17,0
DA:19,0
DA:20,0
DA:21,0
DA:22,0
DA:23,0
DA:31,0
DA:35,4
DA:36,4
DA:37,4
DA:38,2
DA:41,2
DA:45,8
DA:46,6
DA:47,6
DA:48,4
DA:50,2
DA:57,0
DA:61,1
LF:27
LH:16
BRDA:5,0,0,0
BRDA:5,0,1,1
BRDA:9,1,0,1
BRDA:9,1,1,0
BRDA:19,2,0,0
BRDA:19,2,1,0
BRDA:22,3,0,0
BRDA:22,3,1,0
BRDA:46,4,0,6
BRDA:46,4,1,0
BRDA:47,5,0,4
BRDA:47,5,1,2
BRF:12
BRH:5
end_of_record
TN:
SF:/Users/joaocarias/Documents/WebProjects/exercise/ff-order-price/App/orders/Order.js
FN:4,(anonymous_0)
FN:11,(anonymous_1)
FN:14,(anonymous_2)
FN:28,(anonymous_3)
FN:34,(anonymous_4)
FNF:5
FNH:5
FNDA:7,(anonymous_0)
FNDA:6,(anonymous_1)
FNDA:8,(anonymous_2)
FNDA:4,(anonymous_3)
FNDA:6,(anonymous_4)
DA:1,1
DA:5,7
DA:6,7
DA:7,7
DA:8,7
DA:12,6
DA:13,5
DA:14,5
DA:15,8
DA:16,7
DA:18,1
DA:22,4
DA:24,1
DA:29,4
DA:30,0
DA:31,4
DA:35,6
DA:39,1
LF:18
LH:17
BRDA:6,0,0,7
BRDA:6,0,1,7
BRDA:12,1,0,5
BRDA:12,1,1,1
BRDA:15,2,0,7
BRDA:15,2,1,1
BRDA:29,3,0,0
BRDA:29,3,1,4
BRDA:29,4,0,4
BRDA:29,4,1,0
BRF:10
BRH:8
end_of_record
TN:
SF:/Users/joaocarias/Documents/WebProjects/exercise/ff-order-price/App/orders/OrderItem.js
FN:2,(anonymous_0)
FN:16,(anonymous_1)
FNF:2
FNH:2
FNDA:26,(anonymous_0)
FNDA:15,(anonymous_1)
DA:3,26
DA:4,26
DA:5,3
DA:7,23
DA:8,23
DA:9,2
DA:13,21
DA:17,15
DA:21,3
LF:9
LH:9
BRDA:4,0,0,3
BRDA:4,0,1,23
BRDA:8,1,0,2
BRDA:8,1,1,21
BRF:4
BRH:4
end_of_record
TN:
SF:/Users/joaocarias/Documents/WebProjects/exercise/ff-order-price/App/store/Catalog.js
FN:2,(anonymous_0)
FN:6,(anonymous_1)
FN:14,(anonymous_2)
FN:15,(anonymous_3)
FNF:4
FNH:4
FNDA:6,(anonymous_0)
FNDA:12,(anonymous_1)
FNDA:10,(anonymous_2)
FNDA:33,(anonymous_3)
DA:3,6
DA:7,12
DA:8,11
DA:10,1
DA:15,33
DA:16,10
DA:17,7
DA:20,3
DA:24,2
LF:9
LH:9
BRDA:7,0,0,11
BRDA:7,0,1,1
BRDA:16,1,0,7
BRDA:16,1,1,3
BRF:4
BRH:4
end_of_record
