TN:
SF:/Users/joaocarias/Documents/WebProjects/exercise/ff-order-price/App/App.js
FN:4,loadCatalogFromFile
FN:12,(anonymous_1)
FN:26,buildOrderItems
FN:28,(anonymous_3)
FN:36,catalogItemLookup
FNF:5
FNH:0
FNDA:0,loadCatalogFromFile
FNDA:0,(anonymous_1)
FNDA:0,buildOrderItems
FNDA:0,(anonymous_3)
FNDA:0,catalogItemLookup
DA:1,1
DA:2,1
DA:5,0
DA:7,0
DA:9,0
DA:11,0
DA:12,0
DA:13,0
DA:14,0
DA:15,0
DA:23,0
DA:27,0
DA:28,0
DA:29,0
DA:30,0
DA:33,0
DA:37,0
DA:38,0
DA:39,0
DA:40,0
DA:42,0
DA:49,0
DA:53,1
LF:23
LH:3
BRDA:11,0,0,0
BRDA:11,0,1,0
BRDA:14,1,0,0
BRDA:14,1,1,0
BRDA:38,2,0,0
BRDA:38,2,1,0
BRDA:39,3,0,0
BRDA:39,3,1,0
BRF:8
BRH:0
end_of_record
TN:
SF:/Users/joaocarias/Documents/WebProjects/exercise/ff-order-price/App/orders/Order.js
FN:4,(anonymous_0)
FN:11,(anonymous_1)
FN:14,(anonymous_2)
FN:28,(anonymous_3)
FN:34,(anonymous_4)
FNF:5
FNH:5
FNDA:7,(anonymous_0)
FNDA:6,(anonymous_1)
FNDA:8,(anonymous_2)
FNDA:4,(anonymous_3)
FNDA:6,(anonymous_4)
DA:1,1
DA:5,7
DA:6,7
DA:7,7
DA:8,7
DA:12,6
DA:13,5
DA:14,5
DA:15,8
DA:16,7
DA:18,1
DA:22,4
DA:24,1
DA:29,4
DA:30,0
DA:31,4
DA:35,6
DA:39,1
LF:18
LH:17
BRDA:6,0,0,7
BRDA:6,0,1,7
BRDA:12,1,0,5
BRDA:12,1,1,1
BRDA:15,2,0,7
BRDA:15,2,1,1
BRDA:29,3,0,0
BRDA:29,3,1,4
BRDA:29,4,0,4
BRDA:29,4,1,0
BRF:10
BRH:8
end_of_record
TN:
SF:/Users/joaocarias/Documents/WebProjects/exercise/ff-order-price/App/orders/OrderItem.js
FN:2,(anonymous_0)
FN:16,(anonymous_1)
FNF:2
FNH:2
FNDA:21,(anonymous_0)
FNDA:15,(anonymous_1)
DA:3,21
DA:4,21
DA:5,3
DA:7,18
DA:8,18
DA:9,2
DA:13,16
DA:17,15
DA:21,3
LF:9
LH:9
BRDA:4,0,0,3
BRDA:4,0,1,18
BRDA:8,1,0,2
BRDA:8,1,1,16
BRF:4
BRH:4
end_of_record
TN:
SF:/Users/joaocarias/Documents/WebProjects/exercise/ff-order-price/App/store/Catalog.js
FN:2,(anonymous_0)
FN:6,(anonymous_1)
FN:14,(anonymous_2)
FN:15,(anonymous_3)
FNF:4
FNH:4
FNDA:5,(anonymous_0)
FNDA:7,(anonymous_1)
FNDA:2,(anonymous_2)
FNDA:6,(anonymous_3)
DA:3,5
DA:7,7
DA:8,6
DA:10,1
DA:15,6
DA:16,2
DA:17,1
DA:20,1
DA:24,1
LF:9
LH:9
BRDA:7,0,0,6
BRDA:7,0,1,1
BRDA:16,1,0,1
BRDA:16,1,1,1
BRF:4
BRH:4
end_of_record
